{"level":"info","message":"Video optimizer service started...","timestamp":"2025-01-27T10:17:29.565Z"}
{"level":"info","message":"Video optimizer service started...","timestamp":"2025-01-27T10:17:48.984Z"}
{"level":"info","message":"Checking for new uploads...","timestamp":"2025-01-27T10:18:00.130Z"}
{"level":"info","message":"Found 0 clips to process","timestamp":"2025-01-27T10:18:00.387Z"}
{"level":"info","message":"Checking for new uploads...","timestamp":"2025-01-27T10:19:00.891Z"}
{"level":"info","message":"Found 0 clips to process","timestamp":"2025-01-27T10:19:01.291Z"}
{"level":"info","message":"Video optimizer service started...","timestamp":"2025-01-27T10:19:27.422Z"}
{"level":"info","message":"Video optimizer service started...","timestamp":"2025-01-27T10:19:32.906Z"}
{"level":"info","message":"Checking for new uploads...","timestamp":"2025-01-27T10:20:00.251Z"}
{"level":"info","message":"Found 0 clips to process","timestamp":"2025-01-27T10:20:00.563Z"}
{"level":"info","message":"Video optimizer service started...","timestamp":"2025-01-27T12:20:04.109Z"}
{"level":"info","message":"Checking for new uploads...","timestamp":"2025-01-27T12:21:00.782Z"}
{"level":"info","message":"Found 1 clips to process","timestamp":"2025-01-27T12:21:01.001Z"}
{"0":{"file_path":"\\public\\uploads\\1737980433798-MedalTVCallofDutyBlackOps620241201195428.mp4","id":146,"status":"uploaded","title":"MedalTVCallofDutyBlackOps620241201195428","uploaded_at":"2025-01-27T12:20:32.606936+00:00"},"level":"info","message":"Clips to process:","timestamp":"2025-01-27T12:21:01.001Z"}
{"id":146,"level":"info","message":"Starting to process clip:","status":"uploaded","timestamp":"2025-01-27T12:21:01.002Z","title":"MedalTVCallofDutyBlackOps620241201195428"}
{"file_name":"MedalTVCallofDutyBlackOps620241201195428.mp4","file_path":"\\public\\uploads\\1737980433798-MedalTVCallofDutyBlackOps620241201195428.mp4","game":"Valorant","id":146,"level":"info","message":"Processing clip with data:","timestamp":"2025-01-27T12:21:01.002Z","title":"MedalTVCallofDutyBlackOps620241201195428","username":"admin2"}
{"level":"info","message":"Checking local file path:","timestamp":"2025-01-27T12:21:01.002Z"}
{"clipId":146,"level":"info","message":"Calling updateClipStatus to set processing:","timestamp":"2025-01-27T12:21:01.003Z"}
{"clipId":146,"errorMessage":null,"level":"info","message":"Updating clip status:","status":"processing","timestamp":"2025-01-27T12:21:01.003Z"}
{"clipId":146,"level":"info","message":"Sending update to Supabase:","timestamp":"2025-01-27T12:21:01.003Z","updates":{"status":"processing"}}
{"level":"info","message":"Successfully updated clip status","timestamp":"2025-01-27T12:21:01.082Z"}
{"level":"info","message":"Copying file to temp directory","timestamp":"2025-01-27T12:21:01.082Z"}
{"level":"info","message":"Generating thumbnail","timestamp":"2025-01-27T12:21:01.096Z"}
{"level":"info","message":"Thumbnail generated successfully","timestamp":"2025-01-27T12:21:01.329Z"}
{"level":"info","message":"Uploading thumbnail","timestamp":"2025-01-27T12:21:01.329Z"}
{"level":"info","message":"Starting FFmpeg processing","timestamp":"2025-01-27T12:21:01.737Z"}
{"level":"info","message":"Processing: 0% done","timestamp":"2025-01-27T12:21:01.808Z"}
{"level":"info","message":"Processing: 26.5% done","timestamp":"2025-01-27T12:21:07.040Z"}
{"level":"info","message":"Processing: 47.4% done","timestamp":"2025-01-27T12:21:12.365Z"}
{"level":"info","message":"Processing: 66.0% done","timestamp":"2025-01-27T12:21:17.715Z"}
{"level":"info","message":"Processing: 83.1% done","timestamp":"2025-01-27T12:21:22.904Z"}
{"level":"info","message":"Processing: 99.9% done","timestamp":"2025-01-27T12:21:28.780Z"}
{"level":"info","message":"FFmpeg processing finished","timestamp":"2025-01-27T12:21:28.823Z"}
{"level":"info","message":"Reading processed file for upload","timestamp":"2025-01-27T12:21:28.823Z"}
{"level":"info","message":"Uploading processed file to:","timestamp":"2025-01-27T12:21:28.835Z"}
{"level":"info","message":"Successfully moved file to processed folder","timestamp":"2025-01-27T12:21:46.887Z"}
{"clipId":146,"level":"info","message":"Upload successful, calling updateClipStatus to set completed:","timestamp":"2025-01-27T12:21:47.048Z"}
{"clipId":146,"errorMessage":null,"level":"info","message":"Updating clip status:","status":"completed","timestamp":"2025-01-27T12:21:47.048Z"}
{"clipId":146,"level":"info","message":"Sending update to Supabase:","timestamp":"2025-01-27T12:21:47.048Z","updates":{"status":"completed"}}
{"level":"info","message":"Successfully updated clip status","timestamp":"2025-01-27T12:21:47.203Z"}
{"level":"info","message":"Cleaning up all temporary files","timestamp":"2025-01-27T12:21:47.203Z"}
{"0":"processed_146.mp4","1":"temp_146.mp4","2":"thumbnail_146.jpg","level":"info","message":"Files in temp directory:","timestamp":"2025-01-27T12:21:47.203Z"}
{"level":"info","message":"Cleaned up temp file: processed_146.mp4","timestamp":"2025-01-27T12:21:47.206Z"}
{"level":"info","message":"Cleaned up temp file: temp_146.mp4","timestamp":"2025-01-27T12:21:47.209Z"}
{"level":"info","message":"Cleaned up temp file: thumbnail_146.jpg","timestamp":"2025-01-27T12:21:47.209Z"}
{"level":"info","message":"Temp directory is empty","timestamp":"2025-01-27T12:21:47.209Z"}
{"level":"info","message":"Cleaned up processed file from uploads directory","timestamp":"2025-01-27T12:21:47.213Z"}
{"level":"info","message":"Finished processing clip 146","timestamp":"2025-01-27T12:21:47.213Z"}
{"level":"info","message":"Checking for new uploads...","timestamp":"2025-01-27T12:22:00.568Z"}
{"level":"info","message":"Found 0 clips to process","timestamp":"2025-01-27T12:22:00.723Z"}
{"level":"info","message":"Checking for new uploads...","timestamp":"2025-01-27T12:23:00.325Z"}
{"level":"info","message":"Found 0 clips to process","timestamp":"2025-01-27T12:23:00.498Z"}
{"level":"info","message":"Checking for new uploads...","timestamp":"2025-01-27T12:24:00.092Z"}
{"level":"info","message":"Found 0 clips to process","timestamp":"2025-01-27T12:24:00.437Z"}
{"level":"info","message":"Checking for new uploads...","timestamp":"2025-01-27T12:25:00.859Z"}
{"level":"info","message":"Found 0 clips to process","timestamp":"2025-01-27T12:25:01.020Z"}
{"level":"info","message":"Checking for new uploads...","timestamp":"2025-01-27T12:26:00.604Z"}
{"level":"info","message":"Found 0 clips to process","timestamp":"2025-01-27T12:26:00.953Z"}
{"level":"info","message":"Checking for new uploads...","timestamp":"2025-01-27T12:27:00.352Z"}
{"level":"info","message":"Found 0 clips to process","timestamp":"2025-01-27T12:27:00.591Z"}
{"level":"info","message":"Checking for new uploads...","timestamp":"2025-01-27T12:28:00.053Z"}
{"level":"info","message":"Found 0 clips to process","timestamp":"2025-01-27T12:28:00.399Z"}
{"level":"info","message":"Checking for new uploads...","timestamp":"2025-01-27T12:29:00.765Z"}
{"level":"info","message":"Found 0 clips to process","timestamp":"2025-01-27T12:29:00.943Z"}
{"level":"info","message":"Checking for new uploads...","timestamp":"2025-01-27T12:30:00.501Z"}
{"level":"info","message":"Found 0 clips to process","timestamp":"2025-01-27T12:30:00.703Z"}
{"level":"info","message":"Checking for new uploads...","timestamp":"2025-01-27T12:31:00.228Z"}
{"level":"info","message":"Found 1 clips to process","timestamp":"2025-01-27T12:31:00.403Z"}
{"0":{"file_path":"/public/uploads/1737981030483-MedalTVCallofDutyBlackOps620241201202035.mp4","id":147,"status":"uploaded","title":"MedalTVCallof","uploaded_at":"2025-01-27T12:30:37.612215+00:00"},"level":"info","message":"Clips to process:","timestamp":"2025-01-27T12:31:00.403Z"}
{"id":147,"level":"info","message":"Starting to process clip:","status":"uploaded","timestamp":"2025-01-27T12:31:00.403Z","title":"MedalTVCallof"}
{"file_name":"MedalTVCallofDutyBlackOps620241201202035.mp4","file_path":"/public/uploads/1737981030483-MedalTVCallofDutyBlackOps620241201202035.mp4","game":"Valorant","id":147,"level":"info","message":"Processing clip with data:","timestamp":"2025-01-27T12:31:00.403Z","title":"MedalTVCallof","username":"admin2"}
{"level":"info","message":"Checking local file path:","timestamp":"2025-01-27T12:31:00.403Z"}
{"level":"error","message":"File not found in local uploads directory:","timestamp":"2025-01-27T12:31:00.403Z"}
{"clipId":147,"level":"info","message":"Calling updateClipStatus with error:","timestamp":"2025-01-27T12:31:00.404Z"}
{"clipId":147,"errorMessage":"File not found in uploads directory","level":"info","message":"Updating clip status:","status":"error","timestamp":"2025-01-27T12:31:00.404Z"}
{"clipId":147,"level":"info","message":"Sending update to Supabase:","timestamp":"2025-01-27T12:31:00.404Z","updates":{"error_message":"File not found in uploads directory","status":"error"}}
{"level":"info","message":"Successfully updated clip status","timestamp":"2025-01-27T12:31:00.545Z"}
{"level":"info","message":"Finished processing clip 147","timestamp":"2025-01-27T12:31:00.545Z"}
{"level":"info","message":"Checking for new uploads...","timestamp":"2025-01-27T12:32:00.972Z"}
{"level":"info","message":"Found 0 clips to process","timestamp":"2025-01-27T12:32:01.316Z"}
{"level":"info","message":"Checking for new uploads...","timestamp":"2025-01-27T12:33:00.718Z"}
{"level":"info","message":"Found 1 clips to process","timestamp":"2025-01-27T12:33:00.861Z"}
{"0":{"file_path":"/public/uploads/1737981162778-MedalTVCallofDutyBlackOps620241201195428.mp4","id":148,"status":"uploaded","title":"MedalTVCallofD","uploaded_at":"2025-01-27T12:32:57.987167+00:00"},"level":"info","message":"Clips to process:","timestamp":"2025-01-27T12:33:00.861Z"}
{"id":148,"level":"info","message":"Starting to process clip:","status":"uploaded","timestamp":"2025-01-27T12:33:00.861Z","title":"MedalTVCallofD"}
{"file_name":"MedalTVCallofDutyBlackOps620241201195428.mp4","file_path":"/public/uploads/1737981162778-MedalTVCallofDutyBlackOps620241201195428.mp4","game":"Counter-Strike 2","id":148,"level":"info","message":"Processing clip with data:","timestamp":"2025-01-27T12:33:00.861Z","title":"MedalTVCallofD","username":"admin2"}
{"level":"info","message":"Checking local file path:","timestamp":"2025-01-27T12:33:00.861Z"}
{"level":"error","message":"File not found in local uploads directory:","timestamp":"2025-01-27T12:33:00.861Z"}
{"clipId":148,"level":"info","message":"Calling updateClipStatus with error:","timestamp":"2025-01-27T12:33:00.861Z"}
{"clipId":148,"errorMessage":"File not found in uploads directory","level":"info","message":"Updating clip status:","status":"error","timestamp":"2025-01-27T12:33:00.861Z"}
{"clipId":148,"level":"info","message":"Sending update to Supabase:","timestamp":"2025-01-27T12:33:00.862Z","updates":{"error_message":"File not found in uploads directory","status":"error"}}
{"level":"info","message":"Successfully updated clip status","timestamp":"2025-01-27T12:33:00.947Z"}
{"level":"info","message":"Finished processing clip 148","timestamp":"2025-01-27T12:33:00.947Z"}
